<?xml version="1.0" encoding="UTF-8"?>
<!-- Generated by org.testng.reporters.JUnitReportReporter -->
<testsuite hostname="DESKTOP-D1VIN16" failures="0" tests="1" name="com.dunn.taylor.sripts.Run" time="56.214" errors="0" timestamp="2020-11-11T17:10:25 IST" skipped="0">
  <testcase classname="com.dunn.taylor.sripts.Run" name="tc_02" time="56.214"/>
  <system-out>
The test case started at : tc_0211-11-2020 05-09-35 Entered Textpratyushanp01@gmail.com In the Username TextBox Entered Text45@#Prashu In the password TextBox Clicked onLogin Btn Clicked on Submit Btn Clicked on Dashboard Button Clicked onClicked on logout button The test case   tc_02Completed At :11-11-2020 05-10-18  </system-out>
</testsuite> <!-- com.dunn.taylor.sripts.Run -->
