<?xml version="1.0" encoding="UTF-8"?>
<!-- Generated by org.testng.reporters.JUnitReportReporter -->
<testsuite hostname="DESKTOP-D1VIN16" failures="0" tests="1" name="taylor.Runningscript" time="124.738" errors="0" timestamp="2020-11-11T08:05:38 IST" skipped="0">
  <testcase classname="taylor.Runningscript" name="tc_02" time="124.738"/>
  <system-out>
The test case started at : tc_0211-11-2020 08-03-46 Entered Textpratyushanp01@gmail.com In the Username TextBox Entered Text45@#Prashu In the password TextBox Clicked onLogin Btn The test case   tc_02Completed At :11-11-2020 08-05-38  </system-out>
</testsuite> <!-- taylor.Runningscript -->
