<?xml version="1.0" encoding="UTF-8"?>
<!-- Generated by org.testng.reporters.JUnitReportReporter -->
<testsuite hostname="DESKTOP-D1VIN16" failures="0" tests="1" name="com.dunn.taylor.sripts.Registration" time="68.572" errors="0" timestamp="2020-11-16T11:51:30 IST" skipped="0">
  <testcase classname="com.dunn.taylor.sripts.Registration" name="registration" time="68.572"/>
  <system-out>
The test case started at : registration16-11-2020 11-51-15 Clicked on Registration Btn Clicked onNewBrowkerRegistration Clicked onRegister Your Agency The test case   registrationCompleted At : 16-11-2020 11-51-30  </system-out>
</testsuite> <!-- com.dunn.taylor.sripts.Registration -->
