<?xml version="1.0" encoding="UTF-8"?>
<!-- Generated by org.testng.reporters.JUnitReportReporter -->
<testsuite hostname="DESKTOP-D1VIN16" failures="0" tests="1" name="com.dunn.taylor.sripts.SubApplication" time="58.061" errors="0" timestamp="2020-11-19T20:07:14 IST" skipped="0">
  <testcase classname="com.dunn.taylor.sripts.SubApplication" name="tc_02" time="58.061"/>
  <system-out>
Entered Textpratyushanp01@gmail.com In the Username TextBox Entered Text45@#Prashu In the password TextBox Clicked onLogin Btn Clicked on Submit Btn Clicked on Dashboard Button  </system-out>
</testsuite> <!-- com.dunn.taylor.sripts.SubApplication -->
